CONTROLLER:connexion
1
VUE: connexion
CONTROLLER:connexion
Array
VUE: connexion
CONTROLLER:connexion
$2y$10$Ud4a65NInVcbdMq9SG8aA.UGxgemiGWQH.acQW7krN3al8gVsWd7.
VUE: connexion
CONTROLLER:connexion

VUE: connexion
CONTROLLER:connexion

VUE: connexion
CONTROLLER:connexion
1
VUE: connexion
CONTROLLER:connexion
fsdfsdfsdfs
1
VUE: connexion
CONTROLLER:connexion
Array
1
VUE: connexion
CONTROLLER:connexion
Array
Array
VUE: accueil_test
CONTROLLER:connexion
VUE: accueil_test
CONTROLLER:connexion
VUE: accueil_test
